INFO 2025-07-23 10:13:30,691 services 15676 13188 Tentatives de connexion pour ahopaul réinitialisées.
INFO 2025-07-23 10:13:30,712 views 15676 13188 Connexion réussie pour ahopaul.
INFO 2025-07-23 10:57:16,600 services 9972 16404 Tentatives de connexion pour ahopaul réinitialisées.
INFO 2025-07-23 10:57:16,657 views 9972 16404 Connexion réussie pour ahopaul.
INFO 2025-07-23 11:01:36,568 services 1284 15908 Métriques de santé du système récupérées.
INFO 2025-07-23 11:01:59,246 services 1284 15908 Métriques de santé du système récupérées.
INFO 2025-07-23 11:02:20,422 services 1284 15908 Métriques de santé du système récupérées.
INFO 2025-07-23 11:02:21,450 services 1284 15908 Métriques de santé du système récupérées.
INFO 2025-07-23 11:02:25,093 services 1284 15908 Métriques de santé du système récupérées.
INFO 2025-07-23 11:03:00,634 views 1284 15908 Déconnexion de ahopaul.
INFO 2025-07-23 11:03:11,372 services 1284 15908 Tentatives de connexion pour alla.c réinitialisées.
INFO 2025-07-23 11:03:11,388 views 1284 15908 Connexion réussie pour alla.c.
INFO 2025-07-23 11:04:14,478 services 1284 15908 Email 'Validez votre adresse email pour GestionMySoutenance' envoyé à christ.alla@example.com.
INFO 2025-07-23 11:04:14,478 services 1284 15908 Jeton de validation email envoyé à alla.c.
INFO 2025-07-23 11:04:45,694 views 1284 15908 Déconnexion de alla.c.
INFO 2025-07-23 11:05:08,490 services 1284 15908 Tentatives de connexion pour ahopaul réinitialisées.
INFO 2025-07-23 11:05:08,499 views 1284 15908 Connexion réussie pour ahopaul.
INFO 2025-07-23 11:05:08,527 services 1284 15908 Métriques de santé du système récupérées.
INFO 2025-07-23 11:05:59,814 services 1284 2504 Métriques de santé du système récupérées.
INFO 2025-07-23 11:06:09,804 views 1284 2504 Déconnexion de ahopaul.
INFO 2025-07-23 11:06:15,828 services 1284 15908 Métriques de santé du système récupérées.
INFO 2025-07-23 11:06:27,855 services 1284 2504 Tentatives de connexion pour guei.f réinitialisées.
INFO 2025-07-23 11:06:27,867 views 1284 2504 Connexion réussie pour guei.f.
INFO 2025-07-23 11:06:50,034 services 1284 15908 Métriques de santé du système récupérées.
INFO 2025-07-23 11:14:11,905 services 3224 2332 Métriques de santé du système récupérées.
INFO 2025-07-23 11:14:14,531 services 3224 2332 Consultation des logs d'audit avec filtres: {}.
INFO 2025-07-23 11:14:19,936 services 3224 2332 Métriques de santé du système récupérées.
INFO 2025-07-23 11:14:30,684 services 3224 2332 Rapport de taux de validation généré pour l'année 2024-2025 et spécialité toutes.
INFO 2025-07-23 11:15:03,565 services 3224 2332 Métriques de santé du système récupérées.
INFO 2025-07-23 11:18:52,498 services 3224 10408 Tentatives de connexion pour yapo.y réinitialisées.
INFO 2025-07-23 11:18:52,505 views 3224 10408 Connexion réussie pour yapo.y.
INFO 2025-07-23 11:22:22,247 services 3224 2332 Métriques de santé du système récupérées.
INFO 2025-07-23 21:46:52,588 services 15832 6180 Tentatives de connexion pour ahopaul réinitialisées.
INFO 2025-07-23 21:46:52,621 views 15832 6180 Connexion réussie pour ahopaul.
INFO 2025-07-23 21:46:52,736 services 15832 6180 Métriques de santé du système récupérées.
INFO 2025-07-23 21:47:33,261 services 15832 6180 Métriques de santé du système récupérées.
